2026-02-15 15:24:34,904 | Profiler | INFO | Loaded 10 rows from customers_raw.csv
2026-02-15 15:24:35,069 | GXValidator_V1 | INFO | Building Strict Expectations for suite: fintech_suite
2026-02-15 15:24:35,207 | GXValidator_V1 | INFO | Starting GX 1.x Validation execution...
2026-02-15 15:24:35,662 | GXValidator_V1 | INFO | Forensic GX Report saved to data\reports\validation_results.txt
2026-02-15 15:24:35,666 | PIIDetector | INFO | Starting PII scanning process...
2026-02-15 15:24:35,668 | PIIDetector | INFO | Scan complete. Found 10 emails and 10 phone numbers.
2026-02-15 15:24:35,672 | PIIDetector | INFO | PII Detection Report saved to data\reports\pii_detection_report.txt
2026-02-15 15:24:35,694 | Orchestrator | ERROR | Pipeline crashed: 'charmap' codec can't encode character '\u2713' in position 103: character maps to <undefined>
2026-02-15 15:28:01,827 | Profiler | INFO | Loaded 10 rows from customers_raw.csv
2026-02-15 15:28:01,883 | GXValidator_V1 | INFO | Building Strict Expectations for suite: fintech_suite
2026-02-15 15:28:01,982 | GXValidator_V1 | INFO | Starting GX 1.x Validation execution...
2026-02-15 15:28:02,386 | GXValidator_V1 | INFO | Forensic GX Report saved to data\reports\validation_results.txt
2026-02-15 15:28:02,396 | PIIDetector | INFO | Starting PII scanning process...
2026-02-15 15:28:02,400 | PIIDetector | INFO | Scan complete. Found 10 emails and 10 phone numbers.
2026-02-15 15:28:02,403 | PIIDetector | INFO | PII Detection Report saved to data\reports\pii_detection_report.txt
2026-02-15 15:28:02,428 | Orchestrator | ERROR | Pipeline crashed: 'charmap' codec can't encode character '\u2713' in position 103: character maps to <undefined>
2026-02-15 15:31:51,764 | Profiler | INFO | Loaded 10 rows from customers_raw.csv
2026-02-15 15:31:51,764 | Orchestrator | INFO | Stage 1: LOAD: [DONE] Loaded customers_raw.csv
- 10 rows, 10 columns
2026-02-15 15:31:51,778 | Orchestrator | INFO | Stage 2: CLEAN: [DONE] Normalized phone formats (10 rows)
[DONE] Normalized date formats (2 rows)
[DONE] Fixed capitalization (3 rows)
[DONE] Filled missing values (5 rows)
2026-02-15 15:31:51,794 | GXValidator_V1 | INFO | Building Strict Expectations for suite: fintech_suite
2026-02-15 15:31:51,903 | GXValidator_V1 | INFO | Starting GX 1.x Validation execution...
2026-02-15 15:31:52,254 | GXValidator_V1 | INFO | Forensic GX Report saved to data\reports\validation_results.txt
2026-02-15 15:31:52,254 | Orchestrator | INFO | Stage 3: VALIDATE: [FAIL] schema validation
- Results saved to validation_results.txt
2026-02-15 15:31:52,254 | PIIDetector | INFO | Starting PII scanning process...
2026-02-15 15:31:52,256 | PIIDetector | INFO | Scan complete. Found 10 emails and 10 phone numbers.
2026-02-15 15:31:52,258 | PIIDetector | INFO | PII Detection Report saved to data\reports\pii_detection_report.txt
2026-02-15 15:31:52,258 | Orchestrator | INFO | Stage 4: DETECT PII: [DONE] Scanned for PII patterns:
- Emails: 10
- Phones: 10
- Addresses: 10
- DOBs: 8
2026-02-15 15:31:52,261 | Orchestrator | INFO | Stage 5: MASK: [DONE] Masked all PII fields (Names, Emails, Phones, Addresses, DOBs)
2026-02-15 15:31:52,265 | Orchestrator | INFO | Stage 6: SAVE: [DONE] Saved outputs:
- ..\data\processed\customers_masked.csv
- Validation and PII reports generated.
2026-02-15 15:31:52,266 | Orchestrator | INFO | Final execution report successfully written to data\reports\pipeline_execution_report.txt
